0 info it worked if it ends with ok
1 verbose cli [ '/usr/bin/node', '/usr/bin/npm', 'run', 'lint:css' ]
2 info using npm@3.5.2
3 info using node@v8.10.0
4 verbose run-script [ 'prelint:css', 'lint:css', 'postlint:css' ]
5 info lifecycle @~prelint:css: @
6 silly lifecycle @~prelint:css: no script for prelint:css, continuing
7 info lifecycle @~lint:css: @
8 verbose lifecycle @~lint:css: unsafe-perm in lifecycle true
9 verbose lifecycle @~lint:css: PATH: /usr/share/npm/bin/node-gyp-bin:/sr/apache/vivankovich.com/october/node_modules/.bin:/sr/apache/vivankovich.com/october/node_modules/.bin:/sr/apache/vivankovich.com/node_modules/.bin:/sr/apache/node_modules/.bin:/sr/node_modules/.bin:/node_modules/.bin:/usr/bin:/usr/lib/git-core:/usr/local/sbin:/usr/local/bin:/usr/sbin:/usr/bin:/sbin:/bin:/usr/games:/usr/local/games:/snap/bin
10 verbose lifecycle @~lint:css: CWD: /sr/apache/vivankovich.com/october
11 silly lifecycle @~lint:css: Args: [ '-c',
11 silly lifecycle   'stylelint themes/lovata-shopaholic-sneakers/partials/**/*.css themes/lovata-shopaholic-sneakers/css/**/*.css --fix' ]
12 silly lifecycle @~lint:css: Returned: code: 1  signal: null
13 info lifecycle @~lint:css: Failed to exec lint:css script
14 verbose stack Error: @ lint:css: `stylelint themes/lovata-shopaholic-sneakers/partials/**/*.css themes/lovata-shopaholic-sneakers/css/**/*.css --fix`
14 verbose stack Exit status 1
14 verbose stack     at EventEmitter.<anonymous> (/usr/share/npm/lib/utils/lifecycle.js:232:16)
14 verbose stack     at emitTwo (events.js:126:13)
14 verbose stack     at EventEmitter.emit (events.js:214:7)
14 verbose stack     at ChildProcess.<anonymous> (/usr/share/npm/lib/utils/spawn.js:24:14)
14 verbose stack     at emitTwo (events.js:126:13)
14 verbose stack     at ChildProcess.emit (events.js:214:7)
14 verbose stack     at maybeClose (internal/child_process.js:925:16)
14 verbose stack     at Process.ChildProcess._handle.onexit (internal/child_process.js:209:5)
15 verbose pkgid @
16 verbose cwd /sr/apache/vivankovich.com/october
17 error Linux 4.15.0-47-generic
18 error argv "/usr/bin/node" "/usr/bin/npm" "run" "lint:css"
19 error node v8.10.0
20 error npm  v3.5.2
21 error code ELIFECYCLE
22 error @ lint:css: `stylelint themes/lovata-shopaholic-sneakers/partials/**/*.css themes/lovata-shopaholic-sneakers/css/**/*.css --fix`
22 error Exit status 1
23 error Failed at the @ lint:css script 'stylelint themes/lovata-shopaholic-sneakers/partials/**/*.css themes/lovata-shopaholic-sneakers/css/**/*.css --fix'.
23 error Make sure you have the latest version of node.js and npm installed.
23 error If you do, this is most likely a problem with the  package,
23 error not with npm itself.
23 error Tell the author that this fails on your system:
23 error     stylelint themes/lovata-shopaholic-sneakers/partials/**/*.css themes/lovata-shopaholic-sneakers/css/**/*.css --fix
23 error You can get information on how to open an issue for this project with:
23 error     npm bugs
23 error Or if that isn't available, you can get their info via:
23 error     npm owner ls
23 error There is likely additional logging output above.
24 verbose exit [ 1, true ]
